<?xml version="1.0" encoding="UTF-8"?>
<!-- Generated by org.testng.reporters.JUnitReportReporter -->
<testsuite hostname="tomsaja" failures="0" tests="1" name="com.flipkart.tests.FlipkartTest" time="23.826" errors="0" timestamp="18 Nov 2018 09:14:50 GMT" skipped="0">
  <testcase classname="com.flipkart.tests.FlipkartTest" name="flipKart" time="23.826"/>
</testsuite> <!-- com.flipkart.tests.FlipkartTest -->
